"Connecting the bitfinex book websocket at 2022.08.04T00:58:29.185"
"bitfinex book websocket is connected at 2022.08.04T00:58:30.039"
"Connecting the bitfinex trades websocket at 2022.08.04T00:58:30.039"
"bitfinex trades websocket is connected at 2022.08.04T00:58:30.882"
"Connecting the bitmex orderBookL2_25:XBTUSD websocket at 2022.08.04T00:58:30..
"bitmex orderBookL2_25:XBTUSD websocket is connected at 2022.08.04T00:58:31.8..
"Connecting the bitmex orderBookL2_25:ETHUSD websocket at 2022.08.04T00:58:31..
"bitmex orderBookL2_25:ETHUSD websocket is connected at 2022.08.04T00:58:32.6..
"Connecting the bitmex trade:ETHUSD websocket at 2022.08.04T00:58:32.668"
"bitmex trade:ETHUSD websocket is connected at 2022.08.04T00:58:33.603"
"Connecting the bitmex trade:XBTUSD websocket at 2022.08.04T00:58:33.603"
"bitmex trade:XBTUSD websocket is connected at 2022.08.04T00:58:35.211"
"Checking the websocket connection status"
"Websocket connections are all secure"
"Checking the websocket connection status"
"Websocket connections are all secure"
"Checking the websocket connection status"
"Websocket connections are all secure"
"Checking the websocket connection status"
"Websocket connections are all secure"
"Checking the websocket connection status"
"Websocket connections are all secure"
"Checking the websocket connection status"
"Websocket connections are all secure"
"Checking the websocket connection status"
"Websocket connections are all secure"
"Checking the websocket connection status"
"Websocket connections are all secure"
"Checking the websocket connection status"
"Websocket connections are all secure"
"Checking the websocket connection status"
"Websocket connections are all secure"
"Checking the websocket connection status"
"Websocket connections are all secure"
"Checking the websocket connection status"
"Websocket connections are all secure"
"Checking the websocket connection status"
"Websocket connections are all secure"
"Checking the websocket connection status"
"Websocket connections are all secure"
"Checking the websocket connection status"
"Websocket connections are all secure"
"Checking the websocket connection status"
"Websocket connections are all secure"
"Checking the websocket connection status"
"Websocket connections are all secure"
"Checking the websocket connection status"
"Websocket connections are all secure"
"Checking the websocket connection status"
"Websocket connections are all secure"
"Checking the websocket connection status"
"Websocket connections are all secure"
"Checking the websocket connection status"
"Websocket connections are all secure"
